<?xml version="1.0" encoding="UTF-8"?>
<!-- Generated by org.testng.reporters.JUnitReportReporter -->
<testsuite hostname="DESKTOP-NGI3UJA" failures="0" tests="2" name="Maven_project.Maven_java.SeleniumTest" time="0.010" errors="0" timestamp="2021-08-28T22:00:11 IST" skipped="0">
  <testcase classname="Maven_project.Maven_java.SeleniumTest" name="Browserautomation" time="0.009"/>
  <system-out/>
  <testcase classname="Maven_project.Maven_java.SeleniumTest" name="ElementUI" time="0.001"/>
  <system-out/>
</testsuite> <!-- Maven_project.Maven_java.SeleniumTest -->
