<?xml version="1.0" encoding="UTF-8"?>
<!-- Generated by org.testng.reporters.JUnitReportReporter -->
<testsuite skipped="0" hostname="DESKTOP-NGI3UJA" name="Maven_project.Maven_java.SeleniumTest" tests="2" failures="0" timestamp="2021-09-11T11:29:05 IST" time="0.003" errors="0">
  <testcase name="Browserautomation" time="0.003" classname="Maven_project.Maven_java.SeleniumTest"/>
  <system-out/>
  <testcase name="ElementUI" time="0.000" classname="Maven_project.Maven_java.SeleniumTest"/>
  <system-out/>
</testsuite> <!-- Maven_project.Maven_java.SeleniumTest -->
