<?xml version="1.0" encoding="UTF-8"?>
<!-- Generated by org.testng.reporters.JUnitReportReporter -->
<testsuite skipped="0" hostname="DESKTOP-NGI3UJA" name="Maven_project.Maven_java.AppiumApiTest" tests="2" failures="0" timestamp="2021-09-11T11:29:05 IST" time="0.000" errors="0">
  <testcase name="IOS" time="0.000" classname="Maven_project.Maven_java.AppiumApiTest"/>
  <system-out/>
  <testcase name="Nativeappsandroid" time="0.000" classname="Maven_project.Maven_java.AppiumApiTest"/>
  <system-out/>
</testsuite> <!-- Maven_project.Maven_java.AppiumApiTest -->
